[19:20:53] [main/INFO]: Setting user: Player28
[19:20:54] [Client thread/INFO]: LWJGL Version: 2.9.1
[19:21:01] [Client thread/INFO]: Reloading ResourceManager: Default, FMLFileResourcePack:Forge Mod Loader, FMLFileResourcePack:Minecraft Forge, FMLFileResourcePack:Occult Mod
[19:21:02] [Sound Library Loader/INFO]: Sound engine started
[19:21:03] [Client thread/INFO]: Created: 16x16 textures/blocks-atlas
[19:21:03] [Client thread/INFO]: Created: 16x16 textures/items-atlas
[19:21:03] [Client thread/INFO]: Reloading ResourceManager: Default, FMLFileResourcePack:Forge Mod Loader, FMLFileResourcePack:Minecraft Forge, FMLFileResourcePack:Occult Mod
[19:21:03] [Client thread/INFO]: Created: 512x256 textures/blocks-atlas
[19:21:04] [Client thread/INFO]: Created: 256x256 textures/items-atlas
[19:21:04] [Sound Library Loader/INFO]: Sound engine started
[19:21:10] [Server thread/INFO]: Starting integrated minecraft server version 1.7.10
[19:21:10] [Server thread/INFO]: Generating keypair
[19:21:11] [Server thread/INFO]: Preparing start region for level 0
[19:21:11] [Server thread/INFO]: Changing view distance to 12, from 10
[19:21:12] [Server thread/INFO]: Player28[local:E:1857a626] logged in with entity id 226 at (-42.13972949388874, 63.0, 182.416505177775)
[19:21:12] [Server thread/INFO]: Player28 joined the game
[19:21:15] [Server thread/INFO]: Player28 has just earned the achievement [Taking Inventory]
[19:21:15] [Client thread/INFO]: [CHAT] Player28 has just earned the achievement [Taking Inventory]
[19:21:53] [Client thread/INFO]: Stopping!
[19:21:53] [Server thread/INFO]: Stopping server
[19:21:54] [Server thread/INFO]: Saving players
[19:21:54] [Server thread/INFO]: Saving worlds
[19:21:54] [Server thread/INFO]: Saving chunks for level 'New World'/Overworld
[19:21:54] [Server thread/INFO]: Saving chunks for level 'New World'/Nether
[19:21:54] [Server thread/INFO]: Saving chunks for level 'New World'/The End
[19:21:54] [Client Shutdown Thread/INFO]: Stopping server
[19:21:54] [Client Shutdown Thread/INFO]: Saving players
